{
  "stats": {
    "suites": 1,
    "tests": 1,
    "passes": 1,
    "pending": 0,
    "failures": 0,
    "start": "2025-03-19T04:48:40.063Z",
    "end": "2025-03-19T04:48:40.909Z",
    "duration": 846,
    "testsRegistered": 1,
    "passPercent": 100,
    "pendingPercent": 0,
    "other": 0,
    "hasOther": false,
    "skipped": 0,
    "hasSkipped": false
  },
  "results": [
    {
      "uuid": "25fd1fbf-e33c-467b-b8a6-49654cab16a3",
      "title": "",
      "fullFile": "cypress/e2e/deckOfCards.cy.js",
      "file": "cypress/e2e/deckOfCards.cy.js",
      "beforeHooks": [],
      "afterHooks": [],
      "tests": [],
      "suites": [
        {
          "uuid": "758764c1-218d-4e85-8f68-ae6bc655e543",
          "title": "Deck of Cards API",
          "fullFile": "",
          "file": "",
          "beforeHooks": [],
          "afterHooks": [],
          "tests": [
            {
              "title": "Should create a new shuffled deck",
              "fullTitle": "Deck of Cards API Should create a new shuffled deck",
              "timedOut": null,
              "duration": 820,
              "state": "passed",
              "speed": "fast",
              "pass": true,
              "fail": false,
              "pending": false,
              "context": null,
              "code": "deckOfCardPage.newDeck(true).then(response => {\n  expect(response.status).to.eq(200);\n  expect(response.body).to.have.property('success', true);\n  expect(response.body).to.have.property('deck_id');\n  expect(response.body).to.have.property('remaining', 52);\n  expect(response.body).to.have.property('shuffled', true);\n  deckId = response.body.deck_id;\n});",
              "err": {},
              "uuid": "ccc83470-e73b-4775-8d6b-e8d88797d468",
              "parentUUID": "758764c1-218d-4e85-8f68-ae6bc655e543",
              "isHook": false,
              "skipped": false
            }
          ],
          "suites": [],
          "passes": [
            "ccc83470-e73b-4775-8d6b-e8d88797d468"
          ],
          "failures": [],
          "pending": [],
          "skipped": [],
          "duration": 820,
          "root": false,
          "rootEmpty": false,
          "_timeout": 2000
        }
      ],
      "passes": [],
      "failures": [],
      "pending": [],
      "skipped": [],
      "duration": 0,
      "root": true,
      "rootEmpty": true,
      "_timeout": 2000
    }
  ],
  "meta": {
    "mocha": {
      "version": "7.0.1"
    },
    "mochawesome": {
      "options": {
        "quiet": false,
        "reportFilename": "mochawesome",
        "saveHtml": true,
        "saveJson": true,
        "consoleReporter": "spec",
        "useInlineDiffs": false,
        "code": true
      },
      "version": "7.1.3"
    },
    "marge": {
      "options": {
        "charts": true,
        "reportPageTitle": "API Test Report",
        "embeddedScreenshots": true,
        "inlineAssets": true
      },
      "version": "6.2.0"
    }
  }
}